<?xml version="1.0" encoding="UTF-8"?>
<!-- Generated by org.testng.reporters.JUnitReportReporter -->
<testsuite hostname="DESKTOP-TIC5DM4" failures="0" tests="1" name="com.store.TestCases.SignUp" time="8.243" errors="0" timestamp="2024-08-07T16:05:48 IST" skipped="0">
  <testcase classname="com.store.TestCases.SignUp" name="testSignUpFunction" time="8.243"/>
</testsuite> <!-- com.store.TestCases.SignUp -->
