<?xml version="1.0" encoding="UTF-8"?>
<!-- Generated by org.testng.reporters.JUnitReportReporter -->
<testsuite hostname="DESKTOP-TIC5DM4" failures="0" tests="2" name="com.store.TestCases.Login" time="19.940" errors="0" timestamp="2024-08-07T16:05:48 IST" skipped="0">
  <testcase classname="com.store.TestCases.Login" name="testLogin" time="11.859"/>
  <testcase classname="com.store.TestCases.Login" name="testInvalidUsernameandpassword" time="8.081"/>
</testsuite> <!-- com.store.TestCases.Login -->
